[2017-04-12 15:23:12][INFO ](StopwordDict.java:46) - loading stopwords start
[2017-04-12 15:23:12][INFO ](StopwordDict.java:53) - loading stopwords end
[2017-04-12 15:23:12][INFO ](StopwordDict.java:56) - building stopwords start
[2017-04-12 15:23:12][INFO ](StopwordDict.java:58) - building stopwords end
[2017-04-12 15:27:12][INFO ](StopwordDict.java:46) - loading stopwords start
[2017-04-12 15:27:12][INFO ](StopwordDict.java:53) - loading stopwords end
[2017-04-12 15:27:12][INFO ](StopwordDict.java:56) - building stopwords start
[2017-04-12 15:27:12][INFO ](StopwordDict.java:58) - building stopwords end
[2017-04-12 15:39:15][INFO ](StopwordDict.java:46) - loading stopwords start
[2017-04-12 15:39:15][INFO ](StopwordDict.java:53) - loading stopwords end
[2017-04-12 15:39:15][INFO ](StopwordDict.java:56) - building stopwords start
[2017-04-12 15:39:15][INFO ](StopwordDict.java:58) - building stopwords end
[2017-04-12 17:16:10][INFO ](StopwordDict.java:46) - loading stopwords start
[2017-04-12 17:16:10][INFO ](StopwordDict.java:53) - loading stopwords end
[2017-04-12 17:16:10][INFO ](StopwordDict.java:56) - building stopwords start
[2017-04-12 17:16:10][INFO ](StopwordDict.java:58) - building stopwords end
[2017-04-12 17:16:24][INFO ](StopwordDict.java:46) - loading stopwords start
[2017-04-12 17:16:24][INFO ](StopwordDict.java:53) - loading stopwords end
[2017-04-12 17:16:24][INFO ](StopwordDict.java:56) - building stopwords start
[2017-04-12 17:16:24][INFO ](StopwordDict.java:58) - building stopwords end
[2017-04-12 17:16:25][INFO ](WordScoreBuilder.java:23) - processing : 0
[2017-04-12 17:16:49][INFO ](StopwordDict.java:46) - loading stopwords start
[2017-04-12 17:16:49][INFO ](StopwordDict.java:53) - loading stopwords end
[2017-04-12 17:16:49][INFO ](StopwordDict.java:56) - building stopwords start
[2017-04-12 17:16:49][INFO ](StopwordDict.java:58) - building stopwords end
[2017-04-12 17:16:50][INFO ](WordScoreBuilder.java:23) - processing : 0
[2017-04-12 17:32:08][INFO ](StopwordDict.java:46) - loading stopwords start
[2017-04-12 17:32:08][INFO ](StopwordDict.java:53) - loading stopwords end
[2017-04-12 17:32:08][INFO ](StopwordDict.java:56) - building stopwords start
[2017-04-12 17:32:08][INFO ](StopwordDict.java:58) - building stopwords end
[2017-04-12 17:32:09][INFO ](WordScoreBuilder.java:23) - processing : 0
[2017-04-12 17:33:14][INFO ](StopwordDict.java:46) - loading stopwords start
[2017-04-12 17:33:14][INFO ](StopwordDict.java:53) - loading stopwords end
[2017-04-12 17:33:14][INFO ](StopwordDict.java:56) - building stopwords start
[2017-04-12 17:33:14][INFO ](StopwordDict.java:58) - building stopwords end
[2017-04-12 17:33:15][INFO ](WordScoreBuilder.java:23) - processing : 0
